2026-01-14 17:50:19 - src.main - INFO - Firebase initialized successfully
2026-01-14 17:50:20 - src.main - INFO - PPMS Application initialized
2026-01-14 17:50:24 - src.services.auth_service - INFO - User logged in successfully: admin
2026-01-14 17:50:24 - src.main - INFO - User logged in: admin@ppms.com
2026-01-14 17:50:24 - src.ui.screens.dashboard_screen - INFO - [DEBUG] Total sales fetched: 0, purchases: 0, expenses: 0
2026-01-14 17:50:24 - src.ui.screens.dashboard_screen - INFO - [DEBUG] Processed - Sales: 0, Purchases: 0, Expenses: 0
2026-01-14 17:50:24 - src.services.database_service - WARNING - No payment methods found in account heads
2026-01-14 17:50:54 - src.services.database_service - WARNING - No payment methods found in account heads
2026-01-14 17:50:58 - src.services.database_service - INFO - Document created: fuel_types/917e4a1b-af1a-4c4f-81ac-306714de6e36
2026-01-14 17:50:58 - src.services.database_service - INFO - Document created: fuel_types/a6240f7b-2014-4974-8be6-bab19aff9154
2026-01-14 17:51:24 - src.services.database_service - WARNING - No payment methods found in account heads
2026-01-14 17:51:54 - src.services.database_service - WARNING - No payment methods found in account heads
2026-01-14 17:52:13 - src.services.database_service - INFO - Document created: tanks/de1df6e6-6809-444d-8a6c-4222c72898dd
2026-01-14 17:52:13 - src.services.database_service - INFO - Document created: tanks/4c95a753-7f0e-469c-a2c3-787d89cf91c0
2026-01-14 17:52:24 - src.services.database_service - WARNING - No payment methods found in account heads
2026-01-14 17:52:42 - src.services.database_service - INFO - Document created: nozzles/9533c566-6b03-47df-b056-a10c8e4bbb6b
2026-01-14 17:52:42 - src.services.database_service - INFO - Document created: nozzles/ba2e839b-245a-4703-8e32-9fe168d03075
2026-01-14 17:52:54 - src.services.database_service - WARNING - No payment methods found in account heads
2026-01-14 17:53:24 - src.services.database_service - WARNING - No payment methods found in account heads
2026-01-14 17:53:35 - src.services.database_service - INFO - Document created: account_heads/b4352b0b-953f-41fc-b54e-871da7629285
2026-01-14 17:53:54 - src.services.database_service - INFO - Loaded 1 payment methods from account heads
2026-01-14 17:54:24 - src.services.database_service - INFO - Loaded 1 payment methods from account heads
2026-01-14 17:54:35 - src.services.database_service - INFO - Document created: account_heads/20fb5f28-d508-4b25-a174-325e34d5722f
2026-01-14 17:54:35 - src.services.database_service - INFO - Document created: account_heads/edc5aaf7-57de-4103-ada4-253dfd965d0c
2026-01-14 17:54:51 - src.services.database_service - INFO - Document updated: tanks/de1df6e6-6809-444d-8a6c-4222c72898dd
2026-01-14 17:54:54 - src.services.database_service - INFO - Loaded 3 payment methods from account heads
2026-01-14 17:55:10 - src.services.database_service - INFO - Document created: purchases/01bb527c-2899-4617-96a0-991b8a6609f8
2026-01-14 17:55:10 - src.services.database_service - INFO - Document created: account_balances/d03ce60b-c7f4-41ad-be31-78605c9f8204
2026-01-14 17:55:22 - src.services.database_service - INFO - Document updated: tanks/4c95a753-7f0e-469c-a2c3-787d89cf91c0
2026-01-14 17:55:24 - src.services.database_service - INFO - Loaded 3 payment methods from account heads
2026-01-14 17:55:35 - src.services.database_service - INFO - Document created: purchases/3cdd9552-3c41-49e6-926b-f16aaa584687
2026-01-14 17:55:35 - src.services.database_service - INFO - Document created: account_balances/b92fbff7-ff65-4343-ab4e-611e1148cbe1
2026-01-14 17:55:54 - src.services.database_service - INFO - Loaded 3 payment methods from account heads
2026-01-14 17:56:24 - src.services.database_service - INFO - Loaded 3 payment methods from account heads
2026-01-14 17:56:33 - src.services.database_service - INFO - Loaded 2 payment methods from account heads
2026-01-14 17:56:54 - src.services.database_service - INFO - Loaded 3 payment methods from account heads
2026-01-14 17:57:09 - src.services.database_service - INFO - Document created: sales/f692f08f-ee53-46fb-9a05-ed8e1dec00f7
2026-01-14 17:57:09 - src.services.database_service - INFO - Document updated: tanks/de1df6e6-6809-444d-8a6c-4222c72898dd
2026-01-14 17:57:09 - src.services.database_service - INFO - Document created: account_balances/e8d25dcd-ceb4-499c-9a22-83c593ef1055
2026-01-14 17:57:09 - src.services.database_service - INFO - Document created: sales/081af228-c65e-4a51-92ff-14a3584c7c5c
2026-01-14 17:57:09 - src.services.database_service - INFO - Document updated: tanks/4c95a753-7f0e-469c-a2c3-787d89cf91c0
2026-01-14 17:57:09 - src.services.database_service - INFO - Document created: account_balances/a6c9e84e-eb70-4c34-884a-76f1b4d92dc3
2026-01-14 17:57:09 - src.services.database_service - INFO - Document updated: nozzles/9533c566-6b03-47df-b056-a10c8e4bbb6b
2026-01-14 17:57:09 - src.services.database_service - INFO - Document updated: nozzles/ba2e839b-245a-4703-8e32-9fe168d03075
2026-01-14 17:57:24 - src.services.database_service - INFO - Loaded 3 payment methods from account heads
2026-01-14 17:57:54 - src.services.database_service - INFO - Loaded 3 payment methods from account heads
2026-01-14 17:58:24 - src.services.database_service - INFO - Loaded 3 payment methods from account heads
2026-01-14 17:58:54 - src.services.database_service - INFO - Loaded 3 payment methods from account heads
2026-01-14 17:59:04 - src.services.database_service - INFO - Document created: head_to_head_movements/9e490e7a-785a-4f84-ab9c-447c9d04059c
2026-01-14 17:59:04 - src.services.database_service - INFO - Document created: account_balances/cefdbcd0-5999-450f-a657-56bf0910f32d
2026-01-14 17:59:04 - src.services.database_service - INFO - Document created: account_balances/fa28cc3b-0c56-4154-bd9d-7393c3bce1a7
2026-01-14 17:59:04 - src.ui.screens.dashboard_screen - INFO - Head to Head Movement recorded with double-entry: Account (DEBIT 300000.0) -> Cash (CREDIT 300000.0)
2026-01-14 17:59:06 - src.services.database_service - INFO - Loaded 3 payment methods from account heads
2026-01-14 17:59:24 - src.services.database_service - INFO - Loaded 3 payment methods from account heads
2026-01-14 17:59:54 - src.services.database_service - INFO - Loaded 3 payment methods from account heads
2026-01-14 18:00:15 - src.services.database_service - INFO - Document created: head_to_head_movements/98ee6872-070a-426d-b40c-13aa2b37f8dd
2026-01-14 18:00:15 - src.services.database_service - INFO - Document created: account_balances/fdf98ddb-6945-426a-b31f-695404eb01aa
2026-01-14 18:00:15 - src.services.database_service - INFO - Document created: account_balances/8205f17a-480c-4d72-a39f-9566a6eef5f1
2026-01-14 18:00:15 - src.ui.screens.dashboard_screen - INFO - Head to Head Movement recorded with double-entry: Account (DEBIT 1900000.0) -> Cash (CREDIT 1900000.0)
2026-01-14 18:00:18 - src.services.database_service - INFO - Loaded 3 payment methods from account heads
2026-01-14 18:00:24 - src.services.database_service - INFO - Loaded 3 payment methods from account heads
2026-01-14 18:00:54 - src.services.database_service - INFO - Loaded 3 payment methods from account heads
2026-01-14 18:01:24 - src.services.database_service - INFO - Loaded 3 payment methods from account heads
2026-01-14 18:01:54 - src.services.database_service - INFO - Loaded 3 payment methods from account heads
2026-01-14 18:02:24 - src.services.database_service - INFO - Loaded 3 payment methods from account heads
2026-01-14 18:02:54 - src.services.database_service - INFO - Loaded 3 payment methods from account heads
2026-01-14 18:03:24 - src.services.database_service - INFO - Loaded 3 payment methods from account heads
2026-01-14 18:03:54 - src.services.database_service - INFO - Loaded 3 payment methods from account heads
2026-01-14 18:04:24 - src.services.database_service - INFO - Loaded 3 payment methods from account heads
2026-01-14 18:04:26 - src.main - INFO - Application closing
