2026-01-14 10:43:52 - src.main - INFO - Firebase initialized successfully
2026-01-14 10:43:55 - src.main - INFO - PPMS Application initialized
2026-01-14 10:44:01 - src.services.auth_service - INFO - User logged in successfully: admin
2026-01-14 10:44:01 - src.main - INFO - User logged in: admin@ppms.com
2026-01-14 10:44:01 - src.ui.screens.dashboard_screen - INFO - [DEBUG] Total sales fetched: 4, purchases: 3, expenses: 2
2026-01-14 10:44:01 - src.ui.screens.dashboard_screen - INFO - [DEBUG] Processed - Sales: 4, Purchases: 3, Expenses: 2
2026-01-14 10:44:02 - src.services.database_service - INFO - Loaded 3 payment methods from account heads
2026-01-14 10:44:32 - src.services.database_service - INFO - Loaded 3 payment methods from account heads
2026-01-14 10:45:02 - src.services.database_service - INFO - Loaded 3 payment methods from account heads
2026-01-14 10:45:32 - src.services.database_service - INFO - Loaded 3 payment methods from account heads
2026-01-14 10:46:02 - src.services.database_service - INFO - Loaded 3 payment methods from account heads
2026-01-14 10:46:32 - src.services.database_service - INFO - Loaded 3 payment methods from account heads
2026-01-14 10:46:44 - src.main - INFO - Application closing
2026-01-14 10:47:06 - src.main - INFO - Firebase initialized successfully
2026-01-14 10:47:07 - src.main - INFO - PPMS Application initialized
2026-01-14 10:47:12 - src.services.auth_service - INFO - User logged in successfully: admin
2026-01-14 10:47:12 - src.main - INFO - User logged in: admin@ppms.com
2026-01-14 10:47:12 - src.ui.screens.dashboard_screen - INFO - [DEBUG] Total sales fetched: 4, purchases: 3, expenses: 2
2026-01-14 10:47:12 - src.ui.screens.dashboard_screen - INFO - [DEBUG] Processed - Sales: 4, Purchases: 3, Expenses: 2
2026-01-14 10:47:13 - src.services.database_service - INFO - Loaded 3 payment methods from account heads
2026-01-14 10:47:43 - src.services.database_service - INFO - Loaded 3 payment methods from account heads
2026-01-14 10:48:13 - src.services.database_service - INFO - Loaded 3 payment methods from account heads
2026-01-14 10:48:43 - src.services.database_service - INFO - Loaded 3 payment methods from account heads
2026-01-14 10:49:13 - src.services.database_service - INFO - Loaded 3 payment methods from account heads
2026-01-14 10:49:43 - src.services.database_service - INFO - Loaded 3 payment methods from account heads
2026-01-14 10:50:13 - src.services.database_service - INFO - Loaded 3 payment methods from account heads
2026-01-14 10:50:43 - src.services.database_service - INFO - Loaded 3 payment methods from account heads
2026-01-14 10:51:13 - src.services.database_service - INFO - Loaded 3 payment methods from account heads
2026-01-14 10:51:43 - src.services.database_service - INFO - Loaded 3 payment methods from account heads
2026-01-14 10:52:13 - src.services.database_service - INFO - Loaded 3 payment methods from account heads
2026-01-14 10:52:43 - src.services.database_service - INFO - Loaded 3 payment methods from account heads
2026-01-14 10:53:13 - src.services.database_service - INFO - Loaded 3 payment methods from account heads
2026-01-14 10:53:43 - src.services.database_service - INFO - Loaded 3 payment methods from account heads
2026-01-14 10:53:46 - src.main - INFO - Application closing
2026-01-14 11:04:00 - src.main - INFO - Firebase initialized successfully
2026-01-14 11:04:01 - src.main - INFO - PPMS Application initialized
2026-01-14 11:08:26 - src.services.auth_service - INFO - User logged in successfully: admin
2026-01-14 11:08:26 - src.main - INFO - User logged in: admin@ppms.com
2026-01-14 11:08:28 - src.ui.screens.dashboard_screen - INFO - [DEBUG] Total sales fetched: 4, purchases: 3, expenses: 2
2026-01-14 11:08:29 - src.ui.screens.dashboard_screen - INFO - [DEBUG] Processed - Sales: 4, Purchases: 3, Expenses: 2
2026-01-14 11:08:29 - src.services.database_service - INFO - Loaded 3 payment methods from account heads
2026-01-14 11:08:59 - src.services.database_service - INFO - Loaded 3 payment methods from account heads
2026-01-14 11:09:29 - src.services.database_service - INFO - Loaded 3 payment methods from account heads
2026-01-14 11:09:59 - src.services.database_service - INFO - Loaded 3 payment methods from account heads
2026-01-14 11:10:29 - src.services.database_service - INFO - Loaded 3 payment methods from account heads
2026-01-14 11:10:59 - src.services.database_service - INFO - Loaded 3 payment methods from account heads
2026-01-14 11:11:21 - src.services.database_service - INFO - Loaded 1 payment methods from account heads
2026-01-14 11:11:28 - src.services.database_service - INFO - Loaded 2 payment methods from account heads
2026-01-14 11:11:29 - src.services.database_service - INFO - Loaded 3 payment methods from account heads
2026-01-14 11:11:59 - src.services.database_service - INFO - Loaded 3 payment methods from account heads
2026-01-14 11:12:29 - src.services.database_service - INFO - Loaded 3 payment methods from account heads
2026-01-14 11:12:59 - src.services.database_service - INFO - Loaded 3 payment methods from account heads
2026-01-14 11:13:29 - src.services.database_service - INFO - Loaded 3 payment methods from account heads
2026-01-14 11:13:57 - src.main - INFO - Application closing
2026-01-14 11:15:27 - src.main - INFO - Firebase initialized successfully
2026-01-14 11:15:29 - src.main - INFO - PPMS Application initialized
2026-01-14 11:15:34 - src.services.auth_service - INFO - User logged in successfully: admin
2026-01-14 11:15:34 - src.main - INFO - User logged in: admin@ppms.com
2026-01-14 11:15:34 - src.ui.screens.dashboard_screen - INFO - [DEBUG] Total sales fetched: 4, purchases: 3, expenses: 2
2026-01-14 11:15:34 - src.ui.screens.dashboard_screen - INFO - [DEBUG] Processed - Sales: 4, Purchases: 3, Expenses: 2
2026-01-14 11:15:35 - src.services.database_service - INFO - Loaded 3 payment methods from account heads
2026-01-14 11:16:05 - src.services.database_service - INFO - Loaded 3 payment methods from account heads
2026-01-14 11:16:35 - src.services.database_service - INFO - Loaded 3 payment methods from account heads
2026-01-14 11:17:05 - src.services.database_service - INFO - Loaded 3 payment methods from account heads
2026-01-14 11:17:35 - src.services.database_service - INFO - Loaded 3 payment methods from account heads
2026-01-14 11:17:44 - src.main - INFO - Application closing
2026-01-14 11:18:58 - src.main - INFO - Firebase initialized successfully
2026-01-14 11:18:59 - src.main - INFO - PPMS Application initialized
2026-01-14 11:19:03 - src.services.auth_service - INFO - User logged in successfully: admin
2026-01-14 11:19:03 - src.main - INFO - User logged in: admin@ppms.com
2026-01-14 11:19:03 - src.ui.screens.dashboard_screen - INFO - [DEBUG] Total sales fetched: 4, purchases: 3, expenses: 2
2026-01-14 11:19:03 - src.ui.screens.dashboard_screen - INFO - [DEBUG] Processed - Sales: 4, Purchases: 3, Expenses: 2
2026-01-14 11:19:03 - src.services.database_service - INFO - Loaded 3 payment methods from account heads
2026-01-14 11:19:33 - src.services.database_service - INFO - Loaded 3 payment methods from account heads
2026-01-14 11:20:03 - src.services.database_service - INFO - Loaded 3 payment methods from account heads
2026-01-14 11:20:33 - src.services.database_service - INFO - Loaded 3 payment methods from account heads
2026-01-14 11:20:40 - src.main - INFO - Application closing
2026-01-14 11:20:53 - src.main - INFO - Firebase initialized successfully
2026-01-14 11:20:54 - src.main - INFO - PPMS Application initialized
2026-01-14 11:21:00 - src.services.auth_service - INFO - User logged in successfully: admin
2026-01-14 11:21:00 - src.main - INFO - User logged in: admin@ppms.com
2026-01-14 11:21:00 - src.ui.screens.dashboard_screen - INFO - [DEBUG] Total sales fetched: 4, purchases: 3, expenses: 2
2026-01-14 11:21:00 - src.ui.screens.dashboard_screen - INFO - [DEBUG] Processed - Sales: 4, Purchases: 3, Expenses: 2
2026-01-14 11:21:01 - src.services.database_service - INFO - Loaded 3 payment methods from account heads
2026-01-14 11:21:31 - src.services.database_service - INFO - Loaded 3 payment methods from account heads
2026-01-14 11:22:01 - src.services.database_service - INFO - Loaded 3 payment methods from account heads
2026-01-14 11:22:31 - src.services.database_service - INFO - Loaded 3 payment methods from account heads
2026-01-14 11:22:55 - src.main - INFO - Application closing
2026-01-14 11:26:34 - src.main - INFO - Firebase initialized successfully
2026-01-14 11:26:35 - src.main - INFO - PPMS Application initialized
2026-01-14 11:26:42 - src.services.auth_service - INFO - User logged in successfully: admin
2026-01-14 11:26:42 - src.main - INFO - User logged in: admin@ppms.com
2026-01-14 11:26:42 - src.ui.screens.dashboard_screen - INFO - [DEBUG] Total sales fetched: 4, purchases: 3, expenses: 2
2026-01-14 11:26:43 - src.ui.screens.dashboard_screen - INFO - [DEBUG] Processed - Sales: 4, Purchases: 3, Expenses: 2
2026-01-14 11:26:43 - src.services.database_service - INFO - Loaded 3 payment methods from account heads
2026-01-14 11:27:13 - src.services.database_service - INFO - Loaded 3 payment methods from account heads
2026-01-14 11:27:24 - src.services.database_service - INFO - Loaded 2 payment methods from account heads
2026-01-14 11:27:30 - src.services.database_service - INFO - Loaded 1 payment methods from account heads
2026-01-14 11:27:43 - src.services.database_service - INFO - Loaded 3 payment methods from account heads
2026-01-14 11:28:13 - src.services.database_service - INFO - Loaded 3 payment methods from account heads
2026-01-14 11:28:43 - src.services.database_service - INFO - Loaded 3 payment methods from account heads
2026-01-14 11:29:13 - src.services.database_service - INFO - Loaded 3 payment methods from account heads
2026-01-14 11:29:43 - src.services.database_service - INFO - Loaded 3 payment methods from account heads
2026-01-14 11:30:07 - src.main - INFO - Application closing
2026-01-14 11:31:37 - src.main - INFO - Firebase initialized successfully
2026-01-14 11:31:39 - src.main - INFO - PPMS Application initialized
2026-01-14 11:31:52 - src.services.auth_service - INFO - User logged in successfully: admin
2026-01-14 11:31:52 - src.main - INFO - User logged in: admin@ppms.com
2026-01-14 11:31:52 - src.ui.screens.dashboard_screen - INFO - [DEBUG] Total sales fetched: 4, purchases: 3, expenses: 2
2026-01-14 11:31:52 - src.ui.screens.dashboard_screen - INFO - [DEBUG] Processed - Sales: 4, Purchases: 3, Expenses: 2
2026-01-14 11:31:52 - src.services.database_service - INFO - Loaded 3 payment methods from account heads
2026-01-14 11:32:22 - src.services.database_service - INFO - Loaded 3 payment methods from account heads
2026-01-14 11:32:23 - src.main - INFO - Application closing
2026-01-14 11:46:37 - src.main - INFO - Firebase initialized successfully
2026-01-14 11:46:39 - src.main - INFO - PPMS Application initialized
2026-01-14 11:47:01 - src.services.auth_service - INFO - User logged in successfully: admin
2026-01-14 11:47:01 - src.main - INFO - User logged in: admin@ppms.com
2026-01-14 11:47:01 - src.ui.screens.dashboard_screen - INFO - [DEBUG] Total sales fetched: 4, purchases: 3, expenses: 2
2026-01-14 11:47:01 - src.ui.screens.dashboard_screen - INFO - [DEBUG] Processed - Sales: 4, Purchases: 3, Expenses: 2
2026-01-14 11:47:02 - src.services.database_service - INFO - Loaded 3 payment methods from account heads
2026-01-14 11:47:32 - src.services.database_service - INFO - Loaded 3 payment methods from account heads
2026-01-14 11:47:50 - src.ui.screens.dashboard_screen - ERROR - Error saving head to head movement: 'DatabaseService' object has no attribute 'add_document'
2026-01-14 11:48:02 - src.services.database_service - INFO - Loaded 3 payment methods from account heads
2026-01-14 11:48:32 - src.services.database_service - INFO - Loaded 3 payment methods from account heads
2026-01-14 11:48:33 - src.ui.screens.dashboard_screen - ERROR - Error saving head to head movement: 'DatabaseService' object has no attribute 'add_document'
2026-01-14 11:48:55 - src.main - INFO - Application closing
2026-01-14 11:50:43 - src.main - INFO - Firebase initialized successfully
2026-01-14 11:50:45 - src.main - INFO - PPMS Application initialized
2026-01-14 11:50:50 - src.services.auth_service - INFO - User logged in successfully: admin
2026-01-14 11:50:50 - src.main - INFO - User logged in: admin@ppms.com
2026-01-14 11:50:50 - src.ui.screens.dashboard_screen - INFO - [DEBUG] Total sales fetched: 4, purchases: 3, expenses: 2
2026-01-14 11:50:50 - src.ui.screens.dashboard_screen - INFO - [DEBUG] Processed - Sales: 4, Purchases: 3, Expenses: 2
2026-01-14 11:50:50 - src.services.database_service - INFO - Loaded 3 payment methods from account heads
2026-01-14 11:51:01 - src.services.database_service - INFO - Document created: head_to_head_movements/81a7314f-8721-458a-a422-c667a4a932aa
2026-01-14 11:51:01 - src.ui.screens.dashboard_screen - INFO - Head to Head Movement recorded: Expense1 -> Cash1: Rs. 150000.0
2026-01-14 11:51:20 - src.services.database_service - INFO - Loaded 3 payment methods from account heads
2026-01-14 11:51:50 - src.services.database_service - INFO - Loaded 3 payment methods from account heads
2026-01-14 11:52:20 - src.services.database_service - INFO - Loaded 3 payment methods from account heads
2026-01-14 11:52:50 - src.services.database_service - INFO - Loaded 3 payment methods from account heads
2026-01-14 11:53:14 - src.main - INFO - Application closing
2026-01-14 11:56:54 - src.main - INFO - Firebase initialized successfully
2026-01-14 11:56:55 - src.main - INFO - PPMS Application initialized
2026-01-14 11:57:04 - src.services.auth_service - INFO - User logged in successfully: admin
2026-01-14 11:57:04 - src.main - INFO - User logged in: admin@ppms.com
2026-01-14 11:57:04 - src.ui.screens.dashboard_screen - INFO - [DEBUG] Total sales fetched: 4, purchases: 3, expenses: 2
2026-01-14 11:57:04 - src.ui.screens.dashboard_screen - INFO - [DEBUG] Processed - Sales: 4, Purchases: 3, Expenses: 2
2026-01-14 11:57:05 - src.services.database_service - INFO - Loaded 3 payment methods from account heads
2026-01-14 11:57:35 - src.services.database_service - INFO - Loaded 3 payment methods from account heads
2026-01-14 11:58:31 - src.main - INFO - Firebase initialized successfully
2026-01-14 11:58:32 - src.main - INFO - PPMS Application initialized
2026-01-14 12:00:01 - src.services.auth_service - INFO - User logged in successfully: admin
2026-01-14 12:00:01 - src.main - INFO - User logged in: admin@ppms.com
2026-01-14 12:00:01 - src.ui.screens.dashboard_screen - INFO - [DEBUG] Total sales fetched: 4, purchases: 3, expenses: 2
2026-01-14 12:00:01 - src.ui.screens.dashboard_screen - INFO - [DEBUG] Processed - Sales: 4, Purchases: 3, Expenses: 2
2026-01-14 12:00:01 - src.services.database_service - INFO - Loaded 3 payment methods from account heads
2026-01-14 12:00:31 - src.services.database_service - INFO - Loaded 3 payment methods from account heads
2026-01-14 12:01:01 - src.services.database_service - INFO - Loaded 3 payment methods from account heads
2026-01-14 12:01:31 - src.services.database_service - INFO - Loaded 3 payment methods from account heads
2026-01-14 12:02:01 - src.services.database_service - INFO - Loaded 3 payment methods from account heads
2026-01-14 12:02:31 - src.services.database_service - INFO - Loaded 3 payment methods from account heads
2026-01-14 12:03:01 - src.services.database_service - INFO - Loaded 3 payment methods from account heads
2026-01-14 12:03:31 - src.services.database_service - INFO - Loaded 3 payment methods from account heads
2026-01-14 12:04:01 - src.services.database_service - INFO - Loaded 3 payment methods from account heads
2026-01-14 12:04:31 - src.services.database_service - INFO - Loaded 3 payment methods from account heads
2026-01-14 12:05:01 - src.services.database_service - INFO - Loaded 3 payment methods from account heads
2026-01-14 12:05:31 - src.services.database_service - INFO - Loaded 3 payment methods from account heads
2026-01-14 12:06:01 - src.services.database_service - INFO - Loaded 3 payment methods from account heads
2026-01-14 12:06:14 - src.main - INFO - Application closing
2026-01-14 12:07:06 - src.main - INFO - Firebase initialized successfully
2026-01-14 12:07:07 - src.main - INFO - PPMS Application initialized
2026-01-14 12:07:10 - src.services.auth_service - INFO - User logged in successfully: admin
2026-01-14 12:07:10 - src.main - INFO - User logged in: admin@ppms.com
2026-01-14 12:07:10 - src.ui.screens.dashboard_screen - INFO - [DEBUG] Total sales fetched: 4, purchases: 3, expenses: 2
2026-01-14 12:07:10 - src.ui.screens.dashboard_screen - INFO - [DEBUG] Processed - Sales: 4, Purchases: 3, Expenses: 2
2026-01-14 12:07:11 - src.services.database_service - INFO - Loaded 3 payment methods from account heads
2026-01-14 12:07:17 - src.ui.screens.dashboard_screen - ERROR - Error viewing account head balances: name 'QGroupBox' is not defined
2026-01-14 12:07:27 - src.ui.screens.dashboard_screen - ERROR - Error viewing account head balances: name 'QGroupBox' is not defined
2026-01-14 12:07:33 - src.main - INFO - Application closing
2026-01-14 12:11:32 - src.main - INFO - Firebase initialized successfully
2026-01-14 12:11:33 - src.main - INFO - PPMS Application initialized
2026-01-14 12:14:03 - src.main - INFO - Application closing
2026-01-14 12:17:24 - src.main - INFO - Firebase initialized successfully
2026-01-14 12:17:27 - src.main - INFO - PPMS Application initialized
2026-01-14 12:18:14 - src.services.auth_service - INFO - User logged in successfully: admin
2026-01-14 12:18:14 - src.main - INFO - User logged in: admin@ppms.com
2026-01-14 12:18:14 - src.ui.screens.dashboard_screen - INFO - [DEBUG] Total sales fetched: 4, purchases: 3, expenses: 2
2026-01-14 12:18:14 - src.ui.screens.dashboard_screen - INFO - [DEBUG] Processed - Sales: 4, Purchases: 3, Expenses: 2
2026-01-14 12:18:15 - src.services.database_service - INFO - Loaded 3 payment methods from account heads
2026-01-14 12:18:42 - src.services.database_service - INFO - Document created: head_to_head_movements/93c6fcde-ad6c-4e34-a441-c09efd2d6417
2026-01-14 12:18:42 - src.services.database_service - INFO - Document created: account_balances/33879bd7-272b-47cc-a204-7678e5d9ea64
2026-01-14 12:18:42 - src.services.database_service - INFO - Document created: account_balances/9336c057-f470-49a9-9925-1e9dc3cbb319
2026-01-14 12:18:42 - src.ui.screens.dashboard_screen - INFO - Head to Head Movement recorded with double-entry: Expense1 (DEBIT 150000.0) -> Cash1 (CREDIT 150000.0)
2026-01-14 12:18:45 - src.services.database_service - INFO - Loaded 3 payment methods from account heads
2026-01-14 12:18:49 - src.services.database_service - INFO - Loaded 3 payment methods from account heads
2026-01-14 12:19:15 - src.services.database_service - INFO - Loaded 3 payment methods from account heads
2026-01-14 12:19:45 - src.services.database_service - INFO - Loaded 3 payment methods from account heads
2026-01-14 12:19:55 - src.services.database_service - INFO - Document created: purchases/06cffce9-6e23-4415-ae4f-23060c41fd32
2026-01-14 12:20:15 - src.services.database_service - INFO - Loaded 3 payment methods from account heads
2026-01-14 12:20:45 - src.services.database_service - INFO - Loaded 3 payment methods from account heads
2026-01-14 12:21:02 - src.main - INFO - Application closing
2026-01-14 12:22:09 - src.main - INFO - Firebase initialized successfully
2026-01-14 12:22:10 - src.main - INFO - PPMS Application initialized
2026-01-14 12:22:15 - src.services.auth_service - INFO - User logged in successfully: admin
2026-01-14 12:22:15 - src.main - INFO - User logged in: admin@ppms.com
2026-01-14 12:22:15 - src.ui.screens.dashboard_screen - INFO - [DEBUG] Total sales fetched: 4, purchases: 4, expenses: 2
2026-01-14 12:22:15 - src.ui.screens.dashboard_screen - INFO - [DEBUG] Processed - Sales: 4, Purchases: 4, Expenses: 2
2026-01-14 12:22:16 - src.services.database_service - INFO - Loaded 3 payment methods from account heads
2026-01-14 12:22:46 - src.services.database_service - INFO - Loaded 3 payment methods from account heads
2026-01-14 12:23:16 - src.services.database_service - INFO - Loaded 3 payment methods from account heads
2026-01-14 12:23:35 - src.main - INFO - Application closing
2026-01-14 12:31:44 - src.main - INFO - Firebase initialized successfully
2026-01-14 12:31:45 - src.main - INFO - PPMS Application initialized
2026-01-14 12:32:02 - src.services.auth_service - INFO - User logged in successfully: admin
2026-01-14 12:32:02 - src.main - INFO - User logged in: admin@ppms.com
2026-01-14 12:32:02 - src.ui.screens.dashboard_screen - INFO - [DEBUG] Total sales fetched: 4, purchases: 4, expenses: 2
2026-01-14 12:32:02 - src.ui.screens.dashboard_screen - INFO - [DEBUG] Processed - Sales: 4, Purchases: 4, Expenses: 2
2026-01-14 12:32:03 - src.services.database_service - INFO - Loaded 3 payment methods from account heads
2026-01-14 12:32:33 - src.services.database_service - INFO - Loaded 3 payment methods from account heads
2026-01-14 12:33:03 - src.services.database_service - INFO - Loaded 3 payment methods from account heads
2026-01-14 12:33:33 - src.services.database_service - INFO - Loaded 3 payment methods from account heads
2026-01-14 12:34:03 - src.services.database_service - INFO - Loaded 3 payment methods from account heads
2026-01-14 12:34:17 - src.services.database_service - INFO - Loaded 2 payment methods from account heads
2026-01-14 12:34:33 - src.services.database_service - INFO - Loaded 3 payment methods from account heads
2026-01-14 12:34:44 - src.services.database_service - INFO - Document created: sales/32232e9b-e0c3-4a82-a793-824b24b07261
2026-01-14 12:34:44 - src.services.database_service - INFO - Document updated: tanks/af3d13b1-2330-4062-be7b-9c096e643c82
2026-01-14 12:34:44 - src.services.database_service - INFO - Document created: account_balances/1e649231-cda1-400f-bee5-784dfad284fd
2026-01-14 12:34:44 - src.services.database_service - INFO - Document updated: nozzles/d7e097a7-5ecb-49e2-a311-0bd3dfcae1ab
2026-01-14 12:35:03 - src.services.database_service - INFO - Loaded 3 payment methods from account heads
2026-01-14 12:35:33 - src.services.database_service - INFO - Loaded 3 payment methods from account heads
2026-01-14 12:35:45 - src.main - INFO - Application closing
2026-01-14 13:31:40 - src.main - INFO - Firebase initialized successfully
2026-01-14 13:31:42 - src.main - INFO - PPMS Application initialized
2026-01-14 13:32:16 - src.services.auth_service - INFO - User logged in successfully: admin
2026-01-14 13:32:16 - src.main - INFO - User logged in: admin@ppms.com
2026-01-14 13:32:16 - src.ui.screens.dashboard_screen - INFO - [DEBUG] Total sales fetched: 5, purchases: 4, expenses: 2
2026-01-14 13:32:16 - src.ui.screens.dashboard_screen - INFO - [DEBUG] Processed - Sales: 5, Purchases: 4, Expenses: 2
2026-01-14 13:32:17 - src.services.database_service - INFO - Loaded 3 payment methods from account heads
2026-01-14 13:32:28 - src.services.database_service - INFO - Loaded 2 payment methods from account heads
2026-01-14 13:32:46 - src.services.database_service - INFO - Loaded 3 payment methods from account heads
2026-01-14 13:32:47 - src.services.database_service - INFO - Document created: sales/4b4f69cb-e903-426e-ba3a-47906fb7f774
2026-01-14 13:32:47 - src.services.database_service - INFO - Document updated: tanks/af3d13b1-2330-4062-be7b-9c096e643c82
2026-01-14 13:32:47 - src.services.database_service - INFO - Document created: account_balances/b24e4938-44ef-4b40-8ca4-bff6e377dd8b
2026-01-14 13:32:47 - src.services.database_service - INFO - Document updated: nozzles/d7e097a7-5ecb-49e2-a311-0bd3dfcae1ab
2026-01-14 13:33:16 - src.services.database_service - INFO - Loaded 3 payment methods from account heads
2026-01-14 13:33:46 - src.services.database_service - INFO - Loaded 3 payment methods from account heads
2026-01-14 13:34:16 - src.services.database_service - INFO - Loaded 3 payment methods from account heads
2026-01-14 13:34:46 - src.services.database_service - INFO - Loaded 3 payment methods from account heads
2026-01-14 13:35:16 - src.services.database_service - INFO - Loaded 3 payment methods from account heads
2026-01-14 13:35:46 - src.services.database_service - INFO - Loaded 3 payment methods from account heads
2026-01-14 13:36:16 - src.services.database_service - INFO - Loaded 3 payment methods from account heads
2026-01-14 13:36:46 - src.services.database_service - INFO - Loaded 3 payment methods from account heads
2026-01-14 13:37:17 - src.services.database_service - INFO - Loaded 3 payment methods from account heads
2026-01-14 13:37:46 - src.services.database_service - INFO - Loaded 3 payment methods from account heads
2026-01-14 13:38:16 - src.services.database_service - INFO - Loaded 3 payment methods from account heads
2026-01-14 13:38:46 - src.services.database_service - INFO - Loaded 3 payment methods from account heads
2026-01-14 13:39:16 - src.services.database_service - INFO - Loaded 3 payment methods from account heads
2026-01-14 13:39:46 - src.services.database_service - INFO - Loaded 3 payment methods from account heads
2026-01-14 13:40:16 - src.services.database_service - INFO - Loaded 3 payment methods from account heads
2026-01-14 13:40:46 - src.services.database_service - INFO - Loaded 3 payment methods from account heads
2026-01-14 13:41:16 - src.services.database_service - INFO - Loaded 3 payment methods from account heads
2026-01-14 13:42:08 - src.main - INFO - Firebase initialized successfully
2026-01-14 13:42:09 - src.main - INFO - PPMS Application initialized
2026-01-14 13:42:13 - src.services.auth_service - INFO - User logged in successfully: admin
2026-01-14 13:42:13 - src.main - INFO - User logged in: admin@ppms.com
2026-01-14 13:42:13 - src.ui.screens.dashboard_screen - INFO - [DEBUG] Total sales fetched: 6, purchases: 4, expenses: 2
2026-01-14 13:42:13 - src.ui.screens.dashboard_screen - INFO - [DEBUG] Processed - Sales: 6, Purchases: 4, Expenses: 2
2026-01-14 13:42:13 - src.services.database_service - INFO - Loaded 3 payment methods from account heads
2026-01-14 13:42:43 - src.services.database_service - INFO - Loaded 3 payment methods from account heads
2026-01-14 13:43:05 - src.main - INFO - Application closing
2026-01-14 13:45:39 - src.main - INFO - Firebase initialized successfully
2026-01-14 13:45:40 - src.main - INFO - PPMS Application initialized
2026-01-14 13:46:28 - src.services.auth_service - INFO - User logged in successfully: admin
2026-01-14 13:46:28 - src.main - INFO - User logged in: admin@ppms.com
2026-01-14 13:46:28 - src.ui.screens.dashboard_screen - INFO - [DEBUG] Total sales fetched: 6, purchases: 4, expenses: 2
2026-01-14 13:46:28 - src.ui.screens.dashboard_screen - INFO - [DEBUG] Processed - Sales: 6, Purchases: 4, Expenses: 2
2026-01-14 13:46:29 - src.services.database_service - INFO - Loaded 3 payment methods from account heads
2026-01-14 13:46:59 - src.services.database_service - INFO - Loaded 3 payment methods from account heads
2026-01-14 13:47:29 - src.services.database_service - INFO - Loaded 3 payment methods from account heads
2026-01-14 13:47:32 - src.main - INFO - Application closing
2026-01-14 14:28:20 - src.main - INFO - Firebase initialized successfully
2026-01-14 14:28:22 - src.main - INFO - PPMS Application initialized
2026-01-14 14:28:28 - src.services.auth_service - INFO - User logged in successfully: admin
2026-01-14 14:28:28 - src.main - INFO - User logged in: admin@ppms.com
2026-01-14 14:28:29 - src.ui.screens.dashboard_screen - INFO - [DEBUG] Total sales fetched: 0, purchases: 0, expenses: 0
2026-01-14 14:28:29 - src.ui.screens.dashboard_screen - INFO - [DEBUG] Processed - Sales: 0, Purchases: 0, Expenses: 0
2026-01-14 14:28:29 - src.services.database_service - WARNING - No payment methods found in account heads
2026-01-14 14:28:59 - src.services.database_service - WARNING - No payment methods found in account heads
2026-01-14 14:29:29 - src.services.database_service - WARNING - No payment methods found in account heads
2026-01-14 14:29:46 - src.services.database_service - INFO - Document created: fuel_types/23c110b1-1e90-4a56-9f61-08f2abb06a38
2026-01-14 14:29:46 - src.services.database_service - INFO - Document created: fuel_types/1067ab43-4978-4932-83e8-519efe9885c6
2026-01-14 14:29:59 - src.services.database_service - WARNING - No payment methods found in account heads
2026-01-14 14:30:29 - src.services.database_service - WARNING - No payment methods found in account heads
2026-01-14 14:30:34 - src.services.database_service - INFO - Document created: tanks/f0fa1526-35de-4f1e-a848-8bf81110fb37
2026-01-14 14:30:34 - src.services.database_service - INFO - Document created: tanks/6798e838-7170-4090-a04d-9d8c21fb69d4
2026-01-14 14:30:59 - src.services.database_service - WARNING - No payment methods found in account heads
2026-01-14 14:31:07 - src.services.database_service - INFO - Document created: tanks/37cbd3e2-a1b3-4543-949e-fd784b034e91
2026-01-14 14:31:29 - src.services.database_service - WARNING - No payment methods found in account heads
2026-01-14 14:31:59 - src.services.database_service - WARNING - No payment methods found in account heads
2026-01-14 14:32:11 - src.services.database_service - INFO - Document created: nozzles/1f304d88-5e9a-49b9-8581-b98ed86692e1
2026-01-14 14:32:11 - src.services.database_service - INFO - Document created: nozzles/d3bd36fe-e9f0-41c9-a87e-0b9eb0178d79
2026-01-14 14:32:29 - src.services.database_service - WARNING - No payment methods found in account heads
2026-01-14 14:32:59 - src.services.database_service - WARNING - No payment methods found in account heads
2026-01-14 14:33:29 - src.services.database_service - WARNING - No payment methods found in account heads
2026-01-14 14:33:32 - src.services.database_service - INFO - Document created: account_heads/cb85fa8c-76d5-47aa-9b62-e718b252d39f
2026-01-14 14:33:32 - src.services.database_service - INFO - Document created: account_heads/09fe759d-3e87-4570-b81a-175795046e97
2026-01-14 14:33:32 - src.services.database_service - INFO - Document created: account_heads/363a5333-fc57-49a6-b1ee-01fccfd8cfef
2026-01-14 14:33:54 - src.services.database_service - INFO - Document updated: tanks/f0fa1526-35de-4f1e-a848-8bf81110fb37
2026-01-14 14:33:59 - src.services.database_service - INFO - Loaded 3 payment methods from account heads
2026-01-14 14:34:18 - src.services.database_service - INFO - Document created: purchases/b81d7208-b02c-476e-a11d-3c94b03c6c25
2026-01-14 14:34:18 - src.services.database_service - INFO - Document created: account_balances/830cb81c-7544-4b16-8d96-8b4258c0cf89
2026-01-14 14:34:29 - src.services.database_service - INFO - Loaded 3 payment methods from account heads
2026-01-14 14:34:36 - src.services.database_service - INFO - Document updated: tanks/6798e838-7170-4090-a04d-9d8c21fb69d4
2026-01-14 14:34:58 - src.services.database_service - INFO - Document created: purchases/8a69bede-4cf2-40ec-a83a-0e4d8d81cc8d
2026-01-14 14:34:58 - src.services.database_service - INFO - Document created: account_balances/b5859df3-673f-44bb-9d4b-b600cf66db6d
2026-01-14 14:34:59 - src.services.database_service - INFO - Loaded 3 payment methods from account heads
2026-01-14 14:35:10 - src.services.database_service - INFO - Document updated: tanks/37cbd3e2-a1b3-4543-949e-fd784b034e91
2026-01-14 14:35:26 - src.services.database_service - INFO - Document created: purchases/0c5c9727-06ed-462d-b1f2-606755a603aa
2026-01-14 14:35:26 - src.services.database_service - INFO - Document created: account_balances/dcda1be4-3cdc-4160-9c56-21bd993f9854
2026-01-14 14:35:29 - src.services.database_service - INFO - Loaded 3 payment methods from account heads
2026-01-14 14:35:59 - src.services.database_service - INFO - Loaded 3 payment methods from account heads
2026-01-14 14:36:29 - src.services.database_service - INFO - Loaded 3 payment methods from account heads
2026-01-14 14:36:59 - src.services.database_service - INFO - Loaded 3 payment methods from account heads
2026-01-14 14:37:06 - src.services.database_service - INFO - Loaded 2 payment methods from account heads
2026-01-14 14:37:26 - src.services.database_service - INFO - Document created: sales/4cead1cf-bacd-4805-b8ba-19cb6db82668
2026-01-14 14:37:26 - src.services.database_service - INFO - Document updated: tanks/f0fa1526-35de-4f1e-a848-8bf81110fb37
2026-01-14 14:37:26 - src.services.database_service - INFO - Document created: account_balances/09cfe051-4d41-48d3-825f-9c001b3ee36b
2026-01-14 14:37:26 - src.services.database_service - INFO - Document updated: nozzles/1f304d88-5e9a-49b9-8581-b98ed86692e1
2026-01-14 14:37:29 - src.services.database_service - INFO - Loaded 3 payment methods from account heads
2026-01-14 14:37:59 - src.services.database_service - INFO - Loaded 3 payment methods from account heads
2026-01-14 14:38:29 - src.services.database_service - INFO - Loaded 3 payment methods from account heads
2026-01-14 14:38:43 - src.services.database_service - INFO - Document created: head_to_head_movements/b3404040-3660-462d-81c5-90c940372a24
2026-01-14 14:38:43 - src.services.database_service - INFO - Document created: account_balances/c5c23674-9413-421f-9cd7-e5bbcb9e1141
2026-01-14 14:38:43 - src.services.database_service - INFO - Document created: account_balances/022ffb87-73d4-4ca5-8acd-4aea7ad3bc58
2026-01-14 14:38:43 - src.ui.screens.dashboard_screen - INFO - Head to Head Movement recorded with double-entry: Cash (DEBIT 3000000.0) -> Account (CREDIT 3000000.0)
2026-01-14 14:38:45 - src.services.database_service - INFO - Loaded 3 payment methods from account heads
2026-01-14 14:38:59 - src.services.database_service - INFO - Loaded 3 payment methods from account heads
2026-01-14 14:39:29 - src.services.database_service - INFO - Loaded 3 payment methods from account heads
2026-01-14 14:39:59 - src.services.database_service - INFO - Loaded 3 payment methods from account heads
2026-01-14 14:40:29 - src.services.database_service - INFO - Loaded 3 payment methods from account heads
2026-01-14 14:40:59 - src.services.database_service - INFO - Loaded 3 payment methods from account heads
2026-01-14 14:41:29 - src.services.database_service - INFO - Loaded 3 payment methods from account heads
2026-01-14 14:41:59 - src.services.database_service - INFO - Loaded 3 payment methods from account heads
2026-01-14 14:42:29 - src.services.database_service - INFO - Loaded 3 payment methods from account heads
2026-01-14 14:42:59 - src.services.database_service - INFO - Loaded 3 payment methods from account heads
2026-01-14 14:43:29 - src.services.database_service - INFO - Loaded 3 payment methods from account heads
2026-01-14 14:43:59 - src.services.database_service - INFO - Loaded 3 payment methods from account heads
2026-01-14 14:44:29 - src.services.database_service - INFO - Loaded 3 payment methods from account heads
2026-01-14 14:44:59 - src.services.database_service - INFO - Loaded 3 payment methods from account heads
2026-01-14 14:45:29 - src.services.database_service - INFO - Loaded 3 payment methods from account heads
2026-01-14 14:45:59 - src.services.database_service - INFO - Loaded 3 payment methods from account heads
2026-01-14 14:46:29 - src.services.database_service - INFO - Loaded 3 payment methods from account heads
2026-01-14 14:46:59 - src.services.database_service - INFO - Loaded 3 payment methods from account heads
2026-01-14 14:47:29 - src.services.database_service - INFO - Loaded 3 payment methods from account heads
2026-01-14 14:47:40 - src.main - INFO - Application closing
2026-01-14 14:52:18 - src.main - INFO - Firebase initialized successfully
2026-01-14 14:52:22 - src.main - INFO - PPMS Application initialized
2026-01-14 14:52:28 - src.services.auth_service - INFO - User logged in successfully: admin
2026-01-14 14:52:28 - src.main - INFO - User logged in: admin@ppms.com
2026-01-14 14:52:28 - src.ui.screens.dashboard_screen - INFO - [DEBUG] Total sales fetched: 1, purchases: 3, expenses: 0
2026-01-14 14:52:28 - src.ui.screens.dashboard_screen - INFO - [DEBUG] Processed - Sales: 1, Purchases: 3, Expenses: 0
2026-01-14 14:52:28 - src.services.database_service - INFO - Loaded 3 payment methods from account heads
2026-01-14 14:52:58 - src.services.database_service - INFO - Loaded 3 payment methods from account heads
2026-01-14 14:53:28 - src.services.database_service - INFO - Loaded 3 payment methods from account heads
2026-01-14 14:53:58 - src.services.database_service - INFO - Loaded 3 payment methods from account heads
2026-01-14 14:54:14 - src.main - INFO - Application closing
2026-01-14 14:58:45 - src.main - INFO - Firebase initialized successfully
2026-01-14 14:58:46 - src.main - INFO - PPMS Application initialized
2026-01-14 14:58:56 - src.services.auth_service - INFO - User logged in successfully: admin
2026-01-14 14:58:56 - src.main - INFO - User logged in: admin@ppms.com
2026-01-14 14:58:56 - src.ui.screens.dashboard_screen - INFO - [DEBUG] Total sales fetched: 0, purchases: 0, expenses: 0
2026-01-14 14:58:56 - src.ui.screens.dashboard_screen - INFO - [DEBUG] Processed - Sales: 0, Purchases: 0, Expenses: 0
2026-01-14 14:58:56 - src.services.database_service - WARNING - No payment methods found in account heads
2026-01-14 14:59:26 - src.services.database_service - WARNING - No payment methods found in account heads
2026-01-14 14:59:56 - src.services.database_service - WARNING - No payment methods found in account heads
2026-01-14 15:00:01 - src.services.database_service - INFO - Document created: fuel_types/2119cca3-502a-4253-bd9a-49619a03e7d8
2026-01-14 15:00:01 - src.services.database_service - INFO - Document created: fuel_types/45173937-d791-48d4-89e8-454e1ae79bec
2026-01-14 15:00:26 - src.services.database_service - WARNING - No payment methods found in account heads
2026-01-14 15:00:56 - src.services.database_service - WARNING - No payment methods found in account heads
2026-01-14 15:01:09 - src.services.database_service - INFO - Document created: tanks/8753358c-df2e-43a5-98d3-2d55325b7dc0
2026-01-14 15:01:09 - src.services.database_service - INFO - Document created: tanks/a91e2159-7bee-4742-b4be-41f8927eabbb
2026-01-14 15:01:26 - src.services.database_service - WARNING - No payment methods found in account heads
2026-01-14 15:01:41 - src.services.database_service - INFO - Document created: nozzles/fdfc331e-dbb6-4a1f-a295-b43934e67521
2026-01-14 15:01:41 - src.services.database_service - INFO - Document created: nozzles/17c56f30-33f7-4649-afaf-e4ec9bf1815c
2026-01-14 15:01:56 - src.services.database_service - WARNING - No payment methods found in account heads
2026-01-14 15:02:26 - src.services.database_service - WARNING - No payment methods found in account heads
2026-01-14 15:02:44 - src.services.database_service - INFO - Document created: account_heads/a5cfaa2e-556b-45d0-8bca-808d035cbab7
2026-01-14 15:02:44 - src.services.database_service - INFO - Document created: account_heads/534220af-3b97-4c80-a87e-3275db4c2e56
2026-01-14 15:02:44 - src.services.database_service - INFO - Document created: account_heads/f61fbdf2-0f05-426a-aad8-5bd5ccb2ae17
2026-01-14 15:02:56 - src.services.database_service - INFO - Loaded 3 payment methods from account heads
2026-01-14 15:02:57 - src.services.database_service - INFO - Document updated: tanks/8753358c-df2e-43a5-98d3-2d55325b7dc0
2026-01-14 15:03:15 - src.services.database_service - INFO - Document created: purchases/a436c79e-503a-454d-8771-eee4febec78b
2026-01-14 15:03:15 - src.services.database_service - INFO - Document created: account_balances/8cf48190-2f8b-433f-a19b-44b2772e1479
2026-01-14 15:03:26 - src.services.database_service - INFO - Loaded 3 payment methods from account heads
2026-01-14 15:03:29 - src.services.database_service - INFO - Document updated: tanks/a91e2159-7bee-4742-b4be-41f8927eabbb
2026-01-14 15:03:49 - src.services.database_service - INFO - Document created: purchases/55438e45-332f-464c-9245-313f633339ae
2026-01-14 15:03:49 - src.services.database_service - INFO - Document created: account_balances/cdf1fe47-fda4-45f1-87ad-e6b4bc4e0cc0
2026-01-14 15:03:56 - src.services.database_service - INFO - Loaded 3 payment methods from account heads
2026-01-14 15:04:26 - src.services.database_service - INFO - Loaded 3 payment methods from account heads
2026-01-14 15:04:56 - src.services.database_service - INFO - Loaded 3 payment methods from account heads
2026-01-14 15:05:26 - src.services.database_service - INFO - Loaded 3 payment methods from account heads
2026-01-14 15:05:56 - src.services.database_service - INFO - Loaded 3 payment methods from account heads
2026-01-14 15:06:26 - src.services.database_service - INFO - Loaded 3 payment methods from account heads
2026-01-14 15:06:56 - src.services.database_service - INFO - Loaded 3 payment methods from account heads
2026-01-14 15:07:26 - src.services.database_service - INFO - Loaded 3 payment methods from account heads
2026-01-14 15:07:56 - src.services.database_service - INFO - Loaded 3 payment methods from account heads
2026-01-14 15:08:26 - src.services.database_service - INFO - Loaded 3 payment methods from account heads
2026-01-14 15:08:40 - src.main - INFO - Application closing
2026-01-14 15:09:20 - src.main - INFO - Firebase initialized successfully
2026-01-14 15:09:20 - src.main - INFO - PPMS Application initialized
2026-01-14 15:09:35 - src.services.auth_service - INFO - User logged in successfully: admin
2026-01-14 15:09:35 - src.main - INFO - User logged in: admin@ppms.com
2026-01-14 15:09:35 - src.ui.screens.dashboard_screen - INFO - [DEBUG] Total sales fetched: 0, purchases: 2, expenses: 0
2026-01-14 15:09:35 - src.ui.screens.dashboard_screen - INFO - [DEBUG] Processed - Sales: 0, Purchases: 2, Expenses: 0
2026-01-14 15:09:36 - src.services.database_service - INFO - Loaded 3 payment methods from account heads
2026-01-14 15:09:51 - src.services.database_service - INFO - Loaded 2 payment methods from account heads
2026-01-14 15:10:06 - src.services.database_service - INFO - Loaded 3 payment methods from account heads
2026-01-14 15:10:17 - src.services.database_service - INFO - Document created: sales/6f81c8ce-26bc-4b87-9227-0f56892fb1d3
2026-01-14 15:10:17 - src.services.database_service - INFO - Document updated: tanks/8753358c-df2e-43a5-98d3-2d55325b7dc0
2026-01-14 15:10:17 - src.services.database_service - INFO - Document created: account_balances/84699d57-99cb-4022-82a5-3fa0bb6b4f59
2026-01-14 15:10:17 - src.services.database_service - INFO - Document updated: nozzles/fdfc331e-dbb6-4a1f-a295-b43934e67521
2026-01-14 15:10:36 - src.services.database_service - INFO - Loaded 3 payment methods from account heads
2026-01-14 15:11:06 - src.services.database_service - INFO - Loaded 3 payment methods from account heads
2026-01-14 15:11:36 - src.services.database_service - INFO - Loaded 3 payment methods from account heads
2026-01-14 15:12:06 - src.services.database_service - INFO - Loaded 3 payment methods from account heads
2026-01-14 15:12:09 - src.services.database_service - INFO - Document created: head_to_head_movements/d525426f-e490-4cfb-8b08-7c79909abac3
2026-01-14 15:12:09 - src.services.database_service - INFO - Document created: account_balances/84873d42-85c8-4ea2-a2e9-25fdc58d2ec8
2026-01-14 15:12:09 - src.services.database_service - INFO - Document created: account_balances/2a200d18-a54e-43bd-b50c-c365c902e82c
2026-01-14 15:12:09 - src.ui.screens.dashboard_screen - INFO - Head to Head Movement recorded with double-entry: Cash (DEBIT 70000.0) -> Account (CREDIT 70000.0)
2026-01-14 15:12:13 - src.services.database_service - INFO - Loaded 3 payment methods from account heads
2026-01-14 15:12:36 - src.services.database_service - INFO - Loaded 3 payment methods from account heads
2026-01-14 15:13:06 - src.services.database_service - INFO - Loaded 3 payment methods from account heads
2026-01-14 15:13:36 - src.services.database_service - INFO - Loaded 3 payment methods from account heads
2026-01-14 15:14:06 - src.services.database_service - INFO - Loaded 3 payment methods from account heads
2026-01-14 15:14:36 - src.services.database_service - INFO - Loaded 3 payment methods from account heads
2026-01-14 15:15:06 - src.services.database_service - INFO - Loaded 3 payment methods from account heads
2026-01-14 15:15:36 - src.services.database_service - INFO - Loaded 3 payment methods from account heads
2026-01-14 15:15:51 - src.main - INFO - Application closing
2026-01-14 15:16:24 - src.main - INFO - Firebase initialized successfully
2026-01-14 15:16:26 - src.main - INFO - PPMS Application initialized
2026-01-14 15:17:17 - src.services.auth_service - INFO - User logged in successfully: admin
2026-01-14 15:17:17 - src.main - INFO - User logged in: admin@ppms.com
2026-01-14 15:17:17 - src.ui.screens.dashboard_screen - INFO - [DEBUG] Total sales fetched: 1, purchases: 2, expenses: 0
2026-01-14 15:17:17 - src.ui.screens.dashboard_screen - INFO - [DEBUG] Processed - Sales: 1, Purchases: 2, Expenses: 0
2026-01-14 15:17:18 - src.services.database_service - INFO - Loaded 3 payment methods from account heads
2026-01-14 15:17:48 - src.services.database_service - INFO - Loaded 3 payment methods from account heads
2026-01-14 15:17:53 - src.services.database_service - INFO - Loaded 1 payment methods from account heads
2026-01-14 15:18:09 - src.services.database_service - INFO - Document created: expenses/b8c3b130-ed53-4fcc-bd11-91265450ba28
2026-01-14 15:18:09 - src.services.database_service - INFO - Document created: account_balances/283963ac-8182-4d60-ab86-243877a45544
2026-01-14 15:18:18 - src.services.database_service - INFO - Loaded 3 payment methods from account heads
2026-01-14 15:18:48 - src.services.database_service - INFO - Loaded 3 payment methods from account heads
2026-01-14 15:18:58 - src.services.database_service - INFO - Document created: head_to_head_movements/346724d8-0726-4c91-98f4-4ca451c991f0
2026-01-14 15:18:58 - src.services.database_service - INFO - Document created: account_balances/7002d72c-32b2-4624-8bb4-153f9ed13d98
2026-01-14 15:18:58 - src.services.database_service - INFO - Document created: account_balances/7e3b0fa2-5dd2-485b-aa2b-5d11f20dbb4e
2026-01-14 15:18:58 - src.ui.screens.dashboard_screen - INFO - Head to Head Movement recorded with double-entry: Cash (DEBIT 30000.0) -> Expense (CREDIT 30000.0)
2026-01-14 15:19:00 - src.services.database_service - INFO - Loaded 3 payment methods from account heads
2026-01-14 15:19:18 - src.services.database_service - INFO - Loaded 3 payment methods from account heads
2026-01-14 15:19:48 - src.services.database_service - INFO - Loaded 3 payment methods from account heads
2026-01-14 15:20:18 - src.services.database_service - INFO - Loaded 3 payment methods from account heads
2026-01-14 15:20:48 - src.services.database_service - INFO - Loaded 3 payment methods from account heads
2026-01-14 15:21:18 - src.services.database_service - INFO - Loaded 3 payment methods from account heads
2026-01-14 15:21:48 - src.services.database_service - INFO - Loaded 3 payment methods from account heads
2026-01-14 15:22:13 - src.main - INFO - Application closing
2026-01-14 15:22:25 - src.main - INFO - Firebase initialized successfully
2026-01-14 15:22:27 - src.main - INFO - PPMS Application initialized
2026-01-14 15:23:08 - src.services.auth_service - INFO - User logged in successfully: admin
2026-01-14 15:23:08 - src.main - INFO - User logged in: admin@ppms.com
2026-01-14 15:23:08 - src.ui.screens.dashboard_screen - INFO - [DEBUG] Total sales fetched: 1, purchases: 2, expenses: 1
2026-01-14 15:23:08 - src.ui.screens.dashboard_screen - INFO - [DEBUG] Processed - Sales: 1, Purchases: 2, Expenses: 1
2026-01-14 15:23:09 - src.services.database_service - INFO - Loaded 3 payment methods from account heads
2026-01-14 15:23:09 - src.ui.screens.dashboard_screen - INFO - [DEBUG] Total sales fetched: 1, purchases: 2, expenses: 1
2026-01-14 15:23:09 - src.ui.screens.dashboard_screen - INFO - [DEBUG] Processed - Sales: 1, Purchases: 2, Expenses: 1
2026-01-14 15:23:39 - src.services.database_service - INFO - Loaded 3 payment methods from account heads
2026-01-14 15:23:39 - src.ui.screens.dashboard_screen - INFO - [DEBUG] Total sales fetched: 1, purchases: 2, expenses: 1
2026-01-14 15:23:39 - src.ui.screens.dashboard_screen - INFO - [DEBUG] Processed - Sales: 1, Purchases: 2, Expenses: 1
2026-01-14 15:24:09 - src.services.database_service - INFO - Loaded 3 payment methods from account heads
2026-01-14 15:24:09 - src.ui.screens.dashboard_screen - INFO - [DEBUG] Total sales fetched: 1, purchases: 2, expenses: 1
2026-01-14 15:24:09 - src.ui.screens.dashboard_screen - INFO - [DEBUG] Processed - Sales: 1, Purchases: 2, Expenses: 1
2026-01-14 15:24:39 - src.services.database_service - INFO - Loaded 3 payment methods from account heads
2026-01-14 15:24:39 - src.ui.screens.dashboard_screen - INFO - [DEBUG] Total sales fetched: 1, purchases: 2, expenses: 1
2026-01-14 15:24:39 - src.ui.screens.dashboard_screen - INFO - [DEBUG] Processed - Sales: 1, Purchases: 2, Expenses: 1
2026-01-14 15:25:09 - src.services.database_service - INFO - Loaded 3 payment methods from account heads
2026-01-14 15:25:09 - src.ui.screens.dashboard_screen - INFO - [DEBUG] Total sales fetched: 1, purchases: 2, expenses: 1
2026-01-14 15:25:09 - src.ui.screens.dashboard_screen - INFO - [DEBUG] Processed - Sales: 1, Purchases: 2, Expenses: 1
2026-01-14 15:25:39 - src.services.database_service - INFO - Loaded 3 payment methods from account heads
2026-01-14 15:25:39 - src.ui.screens.dashboard_screen - INFO - [DEBUG] Total sales fetched: 1, purchases: 2, expenses: 1
2026-01-14 15:25:39 - src.ui.screens.dashboard_screen - INFO - [DEBUG] Processed - Sales: 1, Purchases: 2, Expenses: 1
2026-01-14 15:26:09 - src.services.database_service - INFO - Loaded 3 payment methods from account heads
2026-01-14 15:26:09 - src.ui.screens.dashboard_screen - INFO - [DEBUG] Total sales fetched: 1, purchases: 2, expenses: 1
2026-01-14 15:26:09 - src.ui.screens.dashboard_screen - INFO - [DEBUG] Processed - Sales: 1, Purchases: 2, Expenses: 1
2026-01-14 15:26:27 - src.main - INFO - Application closing
2026-01-14 15:26:55 - src.main - INFO - Firebase initialized successfully
2026-01-14 15:26:56 - src.main - INFO - PPMS Application initialized
2026-01-14 15:48:30 - src.services.auth_service - INFO - User logged in successfully: admin
2026-01-14 15:48:30 - src.main - INFO - User logged in: admin@ppms.com
2026-01-14 15:48:30 - src.ui.screens.dashboard_screen - INFO - [DEBUG] Total sales fetched: 1, purchases: 2, expenses: 1
2026-01-14 15:48:30 - src.ui.screens.dashboard_screen - INFO - [DEBUG] Processed - Sales: 1, Purchases: 2, Expenses: 1
2026-01-14 15:48:31 - src.services.database_service - INFO - Loaded 3 payment methods from account heads
2026-01-14 15:49:01 - src.services.database_service - INFO - Loaded 3 payment methods from account heads
2026-01-14 15:49:31 - src.services.database_service - INFO - Loaded 3 payment methods from account heads
2026-01-14 15:50:01 - src.services.database_service - INFO - Loaded 3 payment methods from account heads
2026-01-14 15:50:12 - src.services.database_service - INFO - Loaded 2 payment methods from account heads
2026-01-14 15:50:22 - src.services.database_service - INFO - Loaded 1 payment methods from account heads
2026-01-14 15:50:31 - src.services.database_service - INFO - Loaded 3 payment methods from account heads
2026-01-14 15:50:52 - src.services.database_service - INFO - Document created: expenses/1caca53f-b1b2-4538-801b-a575cbe0d507
2026-01-14 15:50:52 - src.services.database_service - INFO - Document created: account_balances/c1955150-d200-4450-9cf3-1da3fc6e3000
2026-01-14 15:51:01 - src.services.database_service - INFO - Loaded 3 payment methods from account heads
2026-01-14 15:51:13 - src.services.database_service - INFO - Loaded 1 payment methods from account heads
2026-01-14 15:51:31 - src.services.database_service - INFO - Loaded 3 payment methods from account heads
2026-01-14 15:51:37 - src.services.database_service - INFO - Document created: expenses/fbbaaf6f-72f8-46f2-aabf-136b71f3415d
2026-01-14 15:51:37 - src.services.database_service - INFO - Document created: account_balances/78d03841-420c-484a-b0bc-77c7a509ef85
2026-01-14 15:52:01 - src.services.database_service - INFO - Loaded 3 payment methods from account heads
2026-01-14 15:52:31 - src.services.database_service - INFO - Loaded 3 payment methods from account heads
2026-01-14 15:52:51 - src.main - INFO - Application closing
